<?xml version="1.0" encoding="UTF-8"?>
<robot generator="Robot 5.0.1 (Python 3.10.5 on win32)" generated="20220719 14:04:12.279" rpa="false" schemaversion="3">
<suite id="s1" name="Suites" source="D:\mobileauto3\suites">
<suite id="s1-s1" name="Bookflight" source="D:\mobileauto3\suites\bookflight.robot">
<test id="s1-s1-t1" name="User Should Be Able To BookFlight" line="10">
<kw name="Run Keywords" library="BuiltIn" type="SETUP">
<arg>Open Flight Application</arg>
<arg>AND</arg>
<arg>Verify Sign In Button in Homepage</arg>
<arg>AND</arg>
<arg>Login with valid data</arg>
<arg>username_login=support@ngendigital.com</arg>
<arg>password_login=abc123</arg>
<doc>Executes all the given keywords in a sequence.</doc>
<kw name="Open Flight Application" library="base">
<kw name="Open Application" library="AppiumLibrary">
<arg>${REMOTE_URL}</arg>
<arg>platformName=${PLATFORM_NAME}</arg>
<arg>platformVersion=${PLATFORM_VERSION}</arg>
<arg>deviceName=${DEVICE_NAME}</arg>
<arg>appActivity=${ACTIVITY_NAME}</arg>
<arg>appPackage=${PACKAGE_NAME}</arg>
<arg>automationName=UiAutomator2</arg>
<arg>newCommandTimeout=5000</arg>
<doc>Opens a new application to given Appium server.
Capabilities of appium server, Android and iOS,
Please check https://github.com/appium/appium/blob/master/docs/en/writing-running-appium/server-args.md
| *Option*            | *Man.* | *Description*     |
| remote_url          | Yes    | Appium server url |
| alias               | no     | alias             |</doc>
<status status="PASS" starttime="20220719 14:04:13.494" endtime="20220719 14:04:37.127"/>
</kw>
<status status="PASS" starttime="20220719 14:04:13.493" endtime="20220719 14:04:37.129"/>
</kw>
<kw name="Verify Sign In Button in Homepage" library="homepage">
<kw name="Tap" library="AppiumLibrary">
<arg>${Buttonsignin}</arg>
<doc>Tap element identified by ``locator``. </doc>
<status status="PASS" starttime="20220719 14:04:37.132" endtime="20220719 14:04:37.828"/>
</kw>
<kw name="Sleep" library="BuiltIn">
<arg>1s</arg>
<doc>Pauses the test executed for the given time.</doc>
<msg timestamp="20220719 14:04:38.846" level="INFO">Slept 1 second</msg>
<status status="PASS" starttime="20220719 14:04:37.829" endtime="20220719 14:04:38.847"/>
</kw>
<status status="PASS" starttime="20220719 14:04:37.130" endtime="20220719 14:04:38.848"/>
</kw>
<kw name="Login with valid data" library="login">
<arg>username_login=support@ngendigital.com</arg>
<arg>password_login=abc123</arg>
<kw name="Wait Until Element Is Visible" library="AppiumLibrary">
<arg>${Input_username}</arg>
<doc>Waits until element specified with `locator` is visible.</doc>
<status status="PASS" starttime="20220719 14:04:38.852" endtime="20220719 14:04:39.392"/>
</kw>
<kw name="Input Text" library="AppiumLibrary">
<arg>${Input_username}</arg>
<arg>${username_login}</arg>
<doc>Types the given `text` into text field identified by `locator`.</doc>
<msg timestamp="20220719 14:04:39.408" level="INFO">Typing text 'support@ngendigital.com' into text field 'com.example.myapplication:id/username'</msg>
<status status="PASS" starttime="20220719 14:04:39.393" endtime="20220719 14:04:39.627"/>
</kw>
<kw name="Input Text" library="AppiumLibrary">
<arg>${Input_password}</arg>
<arg>${password_login}</arg>
<doc>Types the given `text` into text field identified by `locator`.</doc>
<msg timestamp="20220719 14:04:39.634" level="INFO">Typing text 'abc123' into text field '//*[@resource-id='com.example.myapplication:id/password']'</msg>
<status status="PASS" starttime="20220719 14:04:39.627" endtime="20220719 14:04:40.536"/>
</kw>
<kw name="Tap" library="AppiumLibrary">
<arg>${Buttonsignin_login}</arg>
<doc>Tap element identified by ``locator``. </doc>
<status status="PASS" starttime="20220719 14:04:40.537" endtime="20220719 14:04:41.957"/>
</kw>
<status status="PASS" starttime="20220719 14:04:38.849" endtime="20220719 14:04:41.958"/>
</kw>
<status status="PASS" starttime="20220719 14:04:13.491" endtime="20220719 14:04:41.958"/>
</kw>
<kw name="Click Book for menu" library="bookflight">
<kw name="Wait Until Page Contains Element" library="AppiumLibrary">
<arg>${Searchmenubook}</arg>
<doc>Waits until element specified with `locator` appears on current page.</doc>
<status status="PASS" starttime="20220719 14:04:41.960" endtime="20220719 14:04:42.056"/>
</kw>
<kw name="Tap" library="AppiumLibrary">
<arg>${Searchmenubook}</arg>
<doc>Tap element identified by ``locator``. </doc>
<status status="PASS" starttime="20220719 14:04:42.057" endtime="20220719 14:04:42.383"/>
</kw>
<status status="PASS" starttime="20220719 14:04:41.959" endtime="20220719 14:04:42.383"/>
</kw>
<kw name="Click Round Trip" library="bookflight">
<kw name="Wait Until Page Contains Element" library="AppiumLibrary">
<arg>${round_trip}</arg>
<doc>Waits until element specified with `locator` appears on current page.</doc>
<status status="PASS" starttime="20220719 14:04:42.385" endtime="20220719 14:04:43.259"/>
</kw>
<kw name="Tap" library="AppiumLibrary">
<arg>${round_trip}</arg>
<doc>Tap element identified by ``locator``. </doc>
<status status="PASS" starttime="20220719 14:04:43.260" endtime="20220719 14:04:43.756"/>
</kw>
<status status="PASS" starttime="20220719 14:04:42.384" endtime="20220719 14:04:43.758"/>
</kw>
<kw name="Choose Data From City" library="bookflight">
<kw name="Tap" library="AppiumLibrary">
<arg>${tap_fromcity}</arg>
<doc>Tap element identified by ``locator``. </doc>
<status status="PASS" starttime="20220719 14:04:43.762" endtime="20220719 14:04:44.697"/>
</kw>
<kw name="Wait Until Page Contains Element" library="AppiumLibrary">
<arg>${tap_fromcitychicago}</arg>
<doc>Waits until element specified with `locator` appears on current page.</doc>
<status status="PASS" starttime="20220719 14:04:44.698" endtime="20220719 14:04:45.735"/>
</kw>
<kw name="Click Element" library="AppiumLibrary">
<arg>${tap_fromcitychicago}</arg>
<doc>Click element identified by `locator`.</doc>
<msg timestamp="20220719 14:04:45.745" level="INFO">Clicking element 'xpath=//android.widget.FrameLayout/android.widget.FrameLayout/android.widget.ListView/android.widget.TextView[2]'.</msg>
<status status="PASS" starttime="20220719 14:04:45.735" endtime="20220719 14:04:46.545"/>
</kw>
<status status="PASS" starttime="20220719 14:04:43.760" endtime="20220719 14:04:46.545"/>
</kw>
<kw name="Choose Data To City" library="bookflight">
<kw name="Tap" library="AppiumLibrary">
<arg>${tap_tocity}</arg>
<doc>Tap element identified by ``locator``. </doc>
<status status="PASS" starttime="20220719 14:04:46.547" endtime="20220719 14:04:46.901"/>
</kw>
<kw name="Wait Until Page Contains Element" library="AppiumLibrary">
<arg>${tap_tocityparis}</arg>
<doc>Waits until element specified with `locator` appears on current page.</doc>
<status status="PASS" starttime="20220719 14:04:46.901" endtime="20220719 14:04:47.878"/>
</kw>
<kw name="Tap" library="AppiumLibrary">
<arg>${tap_tocityparis}</arg>
<doc>Tap element identified by ``locator``. </doc>
<status status="PASS" starttime="20220719 14:04:47.879" endtime="20220719 14:04:48.797"/>
</kw>
<status status="PASS" starttime="20220719 14:04:46.546" endtime="20220719 14:04:48.799"/>
</kw>
<kw name="Choose Data Class" library="bookflight">
<kw name="Tap" library="AppiumLibrary">
<arg>${tap_class}</arg>
<doc>Tap element identified by ``locator``. </doc>
<status status="PASS" starttime="20220719 14:04:48.803" endtime="20220719 14:04:49.225"/>
</kw>
<kw name="Wait Until Page Contains Element" library="AppiumLibrary">
<arg>${tap_classbusiness}</arg>
<doc>Waits until element specified with `locator` appears on current page.</doc>
<status status="PASS" starttime="20220719 14:04:49.226" endtime="20220719 14:04:50.204"/>
</kw>
<kw name="Tap" library="AppiumLibrary">
<arg>${tap_classbusiness}</arg>
<doc>Tap element identified by ``locator``. </doc>
<status status="PASS" starttime="20220719 14:04:50.205" endtime="20220719 14:04:51.197"/>
</kw>
<status status="PASS" starttime="20220719 14:04:48.801" endtime="20220719 14:04:51.198"/>
</kw>
<kw name="Picklist Startdate Flight" library="bookflight">
<kw name="Tap" library="AppiumLibrary">
<arg>${startdate}</arg>
<doc>Tap element identified by ``locator``. </doc>
<status status="PASS" starttime="20220719 14:04:51.202" endtime="20220719 14:04:51.612"/>
</kw>
<kw name="Wait Until Page Contains Element" library="AppiumLibrary">
<arg>${klikstartdate}</arg>
<doc>Waits until element specified with `locator` appears on current page.</doc>
<status status="PASS" starttime="20220719 14:04:51.613" endtime="20220719 14:04:53.028"/>
</kw>
<kw name="Click Element" library="AppiumLibrary">
<arg>${klikstartdate}</arg>
<doc>Click element identified by `locator`.</doc>
<msg timestamp="20220719 14:04:53.034" level="INFO">Clicking element 'xpath=//android.view.View[@index="22"]'.</msg>
<status status="PASS" starttime="20220719 14:04:53.028" endtime="20220719 14:04:54.151"/>
</kw>
<kw name="Tap" library="AppiumLibrary">
<arg>${okstartdate}</arg>
<doc>Tap element identified by ``locator``. </doc>
<status status="PASS" starttime="20220719 14:04:54.152" endtime="20220719 14:04:55.490"/>
</kw>
<status status="PASS" starttime="20220719 14:04:51.200" endtime="20220719 14:04:55.491"/>
</kw>
<kw name="Picklist Enddate Flight" library="bookflight">
<kw name="Tap" library="AppiumLibrary">
<arg>${enddate}</arg>
<doc>Tap element identified by ``locator``. </doc>
<status status="PASS" starttime="20220719 14:04:55.495" endtime="20220719 14:04:56.297"/>
</kw>
<kw name="Wait Until Page Contains Element" library="AppiumLibrary">
<arg>${klikenddate}</arg>
<doc>Waits until element specified with `locator` appears on current page.</doc>
<status status="PASS" starttime="20220719 14:04:56.298" endtime="20220719 14:04:57.351"/>
</kw>
<kw name="Click Element" library="AppiumLibrary">
<arg>${klikenddate}</arg>
<doc>Click element identified by `locator`.</doc>
<msg timestamp="20220719 14:04:57.380" level="INFO">Clicking element 'xpath=//android.view.View[@index='29']'.</msg>
<status status="PASS" starttime="20220719 14:04:57.352" endtime="20220719 14:04:58.185"/>
</kw>
<kw name="Tap" library="AppiumLibrary">
<arg>${okenddate}</arg>
<doc>Tap element identified by ``locator``. </doc>
<status status="PASS" starttime="20220719 14:04:58.185" endtime="20220719 14:04:58.557"/>
</kw>
<status status="PASS" starttime="20220719 14:04:55.493" endtime="20220719 14:04:58.557"/>
</kw>
<kw name="Choose radio button" library="bookflight">
<kw name="Click Element" library="AppiumLibrary">
<arg>${flighthotel}</arg>
<doc>Click element identified by `locator`.</doc>
<msg timestamp="20220719 14:04:58.567" level="INFO">Clicking element 'xpath= //android.widget.FrameLayout/android.widget.LinearLayout/android.widget.FrameLayout/android.widget.LinearLayout/android.widget.FrameLayout/android.view.ViewGroup/android.widget.LinearLayout/android.widget.RadioGroup/android.widget.RadioButton[2]'.</msg>
<status status="PASS" starttime="20220719 14:04:58.559" endtime="20220719 14:04:59.373"/>
</kw>
<status status="PASS" starttime="20220719 14:04:58.558" endtime="20220719 14:04:59.373"/>
</kw>
<kw name="Choose checkbox" library="bookflight">
<kw name="Click Element" library="AppiumLibrary">
<arg>${checkboxday}</arg>
<doc>Click element identified by `locator`.</doc>
<msg timestamp="20220719 14:04:59.386" level="INFO">Clicking element 'xpath=//android.widget.FrameLayout/android.widget.LinearLayout/android.widget.FrameLayout/android.widget.LinearLayout/android.widget.FrameLayout/android.view.ViewGroup/android.widget.LinearLayout/android.widget.RadioGroup/android.widget.CheckBox'.</msg>
<status status="PASS" starttime="20220719 14:04:59.376" endtime="20220719 14:05:00.086"/>
</kw>
<status status="PASS" starttime="20220719 14:04:59.375" endtime="20220719 14:05:00.087"/>
</kw>
<kw name="Click Book for Bookflight" library="bookflight">
<kw name="Tap" library="AppiumLibrary">
<arg>${bookflight}</arg>
<doc>Tap element identified by ``locator``. </doc>
<status status="PASS" starttime="20220719 14:05:00.089" endtime="20220719 14:05:01.719"/>
</kw>
<status status="PASS" starttime="20220719 14:05:00.088" endtime="20220719 14:05:01.720"/>
</kw>
<kw name="Choose Price to confirm booking" library="bookflight">
<kw name="Wait Until Page Contains Element" library="AppiumLibrary">
<arg>${price}</arg>
<doc>Waits until element specified with `locator` appears on current page.</doc>
<status status="PASS" starttime="20220719 14:05:01.724" endtime="20220719 14:05:01.860"/>
</kw>
<kw name="Tap" library="AppiumLibrary">
<arg>${price}</arg>
<doc>Tap element identified by ``locator``. </doc>
<status status="PASS" starttime="20220719 14:05:01.861" endtime="20220719 14:05:02.871"/>
</kw>
<status status="PASS" starttime="20220719 14:05:01.722" endtime="20220719 14:05:02.872"/>
</kw>
<kw name="Click Confirm" library="bookflight">
<kw name="Tap" library="AppiumLibrary">
<arg>${buttonprice}</arg>
<doc>Tap element identified by ``locator``. </doc>
<status status="PASS" starttime="20220719 14:05:02.877" endtime="20220719 14:05:03.288"/>
</kw>
<status status="PASS" starttime="20220719 14:05:02.874" endtime="20220719 14:05:03.289"/>
</kw>
<kw name="Verify Page Booked" library="bookflight">
<kw name="Element Should Contain Text" library="AppiumLibrary">
<arg>${booked}</arg>
<arg>${text_booked}</arg>
<doc>Verifies element identified by ``locator`` contains text ``expected``.</doc>
<msg timestamp="20220719 14:05:03.323" level="INFO">Verifying element 'xpath=//android.widget.FrameLayout/android.widget.LinearLayout/android.widget.FrameLayout/android.widget.LinearLayout/android.widget.FrameLayout/android.view.ViewGroup/android.widget.CheckedTextView' contains text 'Your flight is booked. Reservation number is CADX2214'.</msg>
<status status="PASS" starttime="20220719 14:05:03.294" endtime="20220719 14:05:03.998"/>
</kw>
<status status="PASS" starttime="20220719 14:05:03.292" endtime="20220719 14:05:03.998"/>
</kw>
<kw name="Close Application" library="AppiumLibrary" type="TEARDOWN">
<doc>Closes the current application and also close webdriver session.</doc>
<status status="PASS" starttime="20220719 14:05:03.999" endtime="20220719 14:05:05.532"/>
</kw>
<status status="PASS" starttime="20220719 14:04:13.486" endtime="20220719 14:05:05.533"/>
</test>
<doc>Search BookFlight on signin</doc>
<status status="PASS" starttime="20220719 14:04:12.350" endtime="20220719 14:05:05.536"/>
</suite>
<suite id="s1-s2" name="Homepage" source="D:\mobileauto3\suites\homepage.robot">
<test id="s1-s2-t1" name="User Should Be Able Homepage Appears" line="9">
<kw name="Open Flight Application" library="base" type="SETUP">
<kw name="Open Application" library="AppiumLibrary">
<arg>${REMOTE_URL}</arg>
<arg>platformName=${PLATFORM_NAME}</arg>
<arg>platformVersion=${PLATFORM_VERSION}</arg>
<arg>deviceName=${DEVICE_NAME}</arg>
<arg>appActivity=${ACTIVITY_NAME}</arg>
<arg>appPackage=${PACKAGE_NAME}</arg>
<arg>automationName=UiAutomator2</arg>
<arg>newCommandTimeout=5000</arg>
<doc>Opens a new application to given Appium server.
Capabilities of appium server, Android and iOS,
Please check https://github.com/appium/appium/blob/master/docs/en/writing-running-appium/server-args.md
| *Option*            | *Man.* | *Description*     |
| remote_url          | Yes    | Appium server url |
| alias               | no     | alias             |</doc>
<status status="PASS" starttime="20220719 14:05:05.568" endtime="20220719 14:05:29.223"/>
</kw>
<status status="PASS" starttime="20220719 14:05:05.567" endtime="20220719 14:05:29.224"/>
</kw>
<kw name="Verify Homepage Appears" library="homepage">
<kw name="Wait Until Element Is Visible" library="AppiumLibrary">
<arg>${logo_homepage}</arg>
<doc>Waits until element specified with `locator` is visible.</doc>
<status status="PASS" starttime="20220719 14:05:29.226" endtime="20220719 14:05:29.746"/>
</kw>
<kw name="Element Should Be Visible" library="AppiumLibrary">
<arg>${mainImage_homepage}</arg>
<doc>Verifies that element identified with locator is visible.</doc>
<status status="PASS" starttime="20220719 14:05:29.746" endtime="20220719 14:05:29.796"/>
</kw>
<status status="PASS" starttime="20220719 14:05:29.225" endtime="20220719 14:05:29.796"/>
</kw>
<kw name="Verify Sign In Button in Homepage" library="homepage">
<kw name="Tap" library="AppiumLibrary">
<arg>${Buttonsignin}</arg>
<doc>Tap element identified by ``locator``. </doc>
<status status="PASS" starttime="20220719 14:05:29.798" endtime="20220719 14:05:30.034"/>
</kw>
<kw name="Sleep" library="BuiltIn">
<arg>1s</arg>
<doc>Pauses the test executed for the given time.</doc>
<msg timestamp="20220719 14:05:31.037" level="INFO">Slept 1 second</msg>
<status status="PASS" starttime="20220719 14:05:30.035" endtime="20220719 14:05:31.037"/>
</kw>
<status status="PASS" starttime="20220719 14:05:29.797" endtime="20220719 14:05:31.038"/>
</kw>
<kw name="Close Application" library="AppiumLibrary" type="TEARDOWN">
<doc>Closes the current application and also close webdriver session.</doc>
<status status="PASS" starttime="20220719 14:05:31.041" endtime="20220719 14:05:33.976"/>
</kw>
<status status="PASS" starttime="20220719 14:05:05.565" endtime="20220719 14:05:33.977"/>
</test>
<doc>Verify Homepage Application</doc>
<status status="PASS" starttime="20220719 14:05:05.541" endtime="20220719 14:05:33.979"/>
</suite>
<suite id="s1-s3" name="Login" source="D:\mobileauto3\suites\login.robot">
<kw name="Open Flight Application" library="base" type="SETUP">
<kw name="Open Application" library="AppiumLibrary">
<arg>${REMOTE_URL}</arg>
<arg>platformName=${PLATFORM_NAME}</arg>
<arg>platformVersion=${PLATFORM_VERSION}</arg>
<arg>deviceName=${DEVICE_NAME}</arg>
<arg>appActivity=${ACTIVITY_NAME}</arg>
<arg>appPackage=${PACKAGE_NAME}</arg>
<arg>automationName=UiAutomator2</arg>
<arg>newCommandTimeout=5000</arg>
<doc>Opens a new application to given Appium server.
Capabilities of appium server, Android and iOS,
Please check https://github.com/appium/appium/blob/master/docs/en/writing-running-appium/server-args.md
| *Option*            | *Man.* | *Description*     |
| remote_url          | Yes    | Appium server url |
| alias               | no     | alias             |</doc>
<status status="PASS" starttime="20220719 14:05:34.003" endtime="20220719 14:05:58.713"/>
</kw>
<status status="PASS" starttime="20220719 14:05:34.003" endtime="20220719 14:05:58.713"/>
</kw>
<test id="s1-s3-t1" name="User Should Be Able Login Appears" line="10">
<kw name="Verify Homepage Appears" library="homepage">
<kw name="Wait Until Element Is Visible" library="AppiumLibrary">
<arg>${logo_homepage}</arg>
<doc>Waits until element specified with `locator` is visible.</doc>
<status status="PASS" starttime="20220719 14:05:58.716" endtime="20220719 14:05:59.245"/>
</kw>
<kw name="Element Should Be Visible" library="AppiumLibrary">
<arg>${mainImage_homepage}</arg>
<doc>Verifies that element identified with locator is visible.</doc>
<status status="PASS" starttime="20220719 14:05:59.246" endtime="20220719 14:05:59.292"/>
</kw>
<status status="PASS" starttime="20220719 14:05:58.715" endtime="20220719 14:05:59.292"/>
</kw>
<kw name="Verify Sign In Button in Homepage" library="homepage">
<kw name="Tap" library="AppiumLibrary">
<arg>${Buttonsignin}</arg>
<doc>Tap element identified by ``locator``. </doc>
<status status="PASS" starttime="20220719 14:05:59.294" endtime="20220719 14:05:59.535"/>
</kw>
<kw name="Sleep" library="BuiltIn">
<arg>1s</arg>
<doc>Pauses the test executed for the given time.</doc>
<msg timestamp="20220719 14:06:00.543" level="INFO">Slept 1 second</msg>
<status status="PASS" starttime="20220719 14:05:59.535" endtime="20220719 14:06:00.544"/>
</kw>
<status status="PASS" starttime="20220719 14:05:59.293" endtime="20220719 14:06:00.545"/>
</kw>
<kw name="Verify Login Page Appears" library="login">
<kw name="Wait Until Element Is Visible" library="AppiumLibrary">
<arg>${Input_username}</arg>
<doc>Waits until element specified with `locator` is visible.</doc>
<status status="PASS" starttime="20220719 14:06:00.549" endtime="20220719 14:06:01.555"/>
</kw>
<kw name="Element Should Be Visible" library="AppiumLibrary">
<arg>${Input_password}</arg>
<doc>Verifies that element identified with locator is visible.</doc>
<status status="PASS" starttime="20220719 14:06:01.556" endtime="20220719 14:06:01.997"/>
</kw>
<kw name="Element Should Be Visible" library="AppiumLibrary">
<arg>${Buttonsignin_login}</arg>
<doc>Verifies that element identified with locator is visible.</doc>
<status status="PASS" starttime="20220719 14:06:01.998" endtime="20220719 14:06:02.138"/>
</kw>
<status status="PASS" starttime="20220719 14:06:00.547" endtime="20220719 14:06:02.139"/>
</kw>
<kw name="Input Username" library="login">
<arg>username_login=support@ngendigital.com</arg>
<kw name="Input Text" library="AppiumLibrary">
<arg>${Input_username}</arg>
<arg>${username_login}</arg>
<doc>Types the given `text` into text field identified by `locator`.</doc>
<msg timestamp="20220719 14:06:02.167" level="INFO">Typing text 'support@ngendigital.com' into text field 'com.example.myapplication:id/username'</msg>
<status status="PASS" starttime="20220719 14:06:02.144" endtime="20220719 14:06:02.367"/>
</kw>
<status status="PASS" starttime="20220719 14:06:02.141" endtime="20220719 14:06:02.368"/>
</kw>
<kw name="Input Password" library="login">
<arg>password_login=abc123</arg>
<kw name="Input Text" library="AppiumLibrary">
<arg>${Input_password}</arg>
<arg>${password_login}</arg>
<doc>Types the given `text` into text field identified by `locator`.</doc>
<msg timestamp="20220719 14:06:02.396" level="INFO">Typing text 'abc123' into text field '//*[@resource-id='com.example.myapplication:id/password']'</msg>
<status status="PASS" starttime="20220719 14:06:02.372" endtime="20220719 14:06:03.047"/>
</kw>
<status status="PASS" starttime="20220719 14:06:02.370" endtime="20220719 14:06:03.047"/>
</kw>
<kw name="Klik button signin to login Page" library="login">
<kw name="Tap" library="AppiumLibrary">
<arg>${Buttonsignin_login}</arg>
<doc>Tap element identified by ``locator``. </doc>
<status status="PASS" starttime="20220719 14:06:03.049" endtime="20220719 14:06:03.857"/>
</kw>
<status status="PASS" starttime="20220719 14:06:03.048" endtime="20220719 14:06:03.858"/>
</kw>
<kw name="Verify User Success to login" library="homepage">
<kw name="Wait Until Element Is Visible" library="AppiumLibrary">
<arg>${username_homepage}</arg>
<doc>Waits until element specified with `locator` is visible.</doc>
<status status="PASS" starttime="20220719 14:06:03.860" endtime="20220719 14:06:04.570"/>
</kw>
<status status="PASS" starttime="20220719 14:06:03.859" endtime="20220719 14:06:04.570"/>
</kw>
<status status="PASS" starttime="20220719 14:05:58.714" endtime="20220719 14:06:04.571"/>
</test>
<kw name="Close Application" library="AppiumLibrary" type="TEARDOWN">
<doc>Closes the current application and also close webdriver session.</doc>
<status status="PASS" starttime="20220719 14:06:04.574" endtime="20220719 14:06:06.335"/>
</kw>
<doc>Login User</doc>
<status status="PASS" starttime="20220719 14:05:33.983" endtime="20220719 14:06:06.336"/>
</suite>
<suite id="s1-s4" name="Searchflight" source="D:\mobileauto3\suites\searchflight.robot">
<test id="s1-s4-t1" name="User Should Be Able To Search Flight" line="11">
<kw name="Run Keywords" library="BuiltIn" type="SETUP">
<arg>Open Flight Application</arg>
<arg>AND</arg>
<arg>Verify Sign In Button in Homepage</arg>
<arg>AND</arg>
<arg>Login with valid data</arg>
<arg>username_login=support@ngendigital.com</arg>
<arg>password_login=abc123</arg>
<doc>Executes all the given keywords in a sequence.</doc>
<kw name="Open Flight Application" library="base">
<kw name="Open Application" library="AppiumLibrary">
<arg>${REMOTE_URL}</arg>
<arg>platformName=${PLATFORM_NAME}</arg>
<arg>platformVersion=${PLATFORM_VERSION}</arg>
<arg>deviceName=${DEVICE_NAME}</arg>
<arg>appActivity=${ACTIVITY_NAME}</arg>
<arg>appPackage=${PACKAGE_NAME}</arg>
<arg>automationName=UiAutomator2</arg>
<arg>newCommandTimeout=5000</arg>
<doc>Opens a new application to given Appium server.
Capabilities of appium server, Android and iOS,
Please check https://github.com/appium/appium/blob/master/docs/en/writing-running-appium/server-args.md
| *Option*            | *Man.* | *Description*     |
| remote_url          | Yes    | Appium server url |
| alias               | no     | alias             |</doc>
<status status="PASS" starttime="20220719 14:06:06.448" endtime="20220719 14:06:30.984"/>
</kw>
<status status="PASS" starttime="20220719 14:06:06.446" endtime="20220719 14:06:30.985"/>
</kw>
<kw name="Verify Sign In Button in Homepage" library="homepage">
<kw name="Tap" library="AppiumLibrary">
<arg>${Buttonsignin}</arg>
<doc>Tap element identified by ``locator``. </doc>
<status status="PASS" starttime="20220719 14:06:30.987" endtime="20220719 14:06:31.688"/>
</kw>
<kw name="Sleep" library="BuiltIn">
<arg>1s</arg>
<doc>Pauses the test executed for the given time.</doc>
<msg timestamp="20220719 14:06:32.699" level="INFO">Slept 1 second</msg>
<status status="PASS" starttime="20220719 14:06:31.689" endtime="20220719 14:06:32.699"/>
</kw>
<status status="PASS" starttime="20220719 14:06:30.986" endtime="20220719 14:06:32.700"/>
</kw>
<kw name="Login with valid data" library="login">
<arg>username_login=support@ngendigital.com</arg>
<arg>password_login=abc123</arg>
<kw name="Wait Until Element Is Visible" library="AppiumLibrary">
<arg>${Input_username}</arg>
<doc>Waits until element specified with `locator` is visible.</doc>
<status status="PASS" starttime="20220719 14:06:32.702" endtime="20220719 14:06:32.859"/>
</kw>
<kw name="Input Text" library="AppiumLibrary">
<arg>${Input_username}</arg>
<arg>${username_login}</arg>
<doc>Types the given `text` into text field identified by `locator`.</doc>
<msg timestamp="20220719 14:06:32.881" level="INFO">Typing text 'support@ngendigital.com' into text field 'com.example.myapplication:id/username'</msg>
<status status="PASS" starttime="20220719 14:06:32.860" endtime="20220719 14:06:33.098"/>
</kw>
<kw name="Input Text" library="AppiumLibrary">
<arg>${Input_password}</arg>
<arg>${password_login}</arg>
<doc>Types the given `text` into text field identified by `locator`.</doc>
<msg timestamp="20220719 14:06:33.120" level="INFO">Typing text 'abc123' into text field '//*[@resource-id='com.example.myapplication:id/password']'</msg>
<status status="PASS" starttime="20220719 14:06:33.099" endtime="20220719 14:06:34.025"/>
</kw>
<kw name="Tap" library="AppiumLibrary">
<arg>${Buttonsignin_login}</arg>
<doc>Tap element identified by ``locator``. </doc>
<status status="PASS" starttime="20220719 14:06:34.025" endtime="20220719 14:06:34.852"/>
</kw>
<status status="PASS" starttime="20220719 14:06:32.701" endtime="20220719 14:06:34.852"/>
</kw>
<status status="PASS" starttime="20220719 14:06:06.445" endtime="20220719 14:06:34.853"/>
</kw>
<kw name="Klik Search for menu" library="searchflight">
<kw name="Wait Until Element Is Visible" library="AppiumLibrary">
<arg>${Searchmenu}</arg>
<doc>Waits until element specified with `locator` is visible.</doc>
<status status="PASS" starttime="20220719 14:06:34.854" endtime="20220719 14:06:36.170"/>
</kw>
<kw name="Tap" library="AppiumLibrary">
<arg>${Searchmenu}</arg>
<doc>Tap element identified by ``locator``. </doc>
<status status="PASS" starttime="20220719 14:06:36.171" endtime="20220719 14:06:36.538"/>
</kw>
<status status="PASS" starttime="20220719 14:06:34.854" endtime="20220719 14:06:36.538"/>
</kw>
<kw name="Input Flight Number" library="searchflight">
<kw name="Wait Until Element Is Visible" library="AppiumLibrary">
<arg>${Input_flightnumber}</arg>
<doc>Waits until element specified with `locator` is visible.</doc>
<status status="PASS" starttime="20220719 14:06:36.540" endtime="20220719 14:06:37.431"/>
</kw>
<kw name="Input Text" library="AppiumLibrary">
<arg>${Input_flightnumber}</arg>
<arg>${textsearch}</arg>
<doc>Types the given `text` into text field identified by `locator`.</doc>
<msg timestamp="20220719 14:06:37.449" level="INFO">Typing text 'DA935' into text field '//*[@resource-id='com.example.myapplication:id/flight_number']'</msg>
<status status="PASS" starttime="20220719 14:06:37.432" endtime="20220719 14:06:37.720"/>
</kw>
<status status="PASS" starttime="20220719 14:06:36.539" endtime="20220719 14:06:37.721"/>
</kw>
<kw name="Klik Button search for Flight Number" library="searchflight">
<kw name="Wait Until Element Is Visible" library="AppiumLibrary">
<arg>${Button_search2}</arg>
<doc>Waits until element specified with `locator` is visible.</doc>
<status status="PASS" starttime="20220719 14:06:37.727" endtime="20220719 14:06:38.370"/>
</kw>
<kw name="Tap" library="AppiumLibrary">
<arg>${Button_search2}</arg>
<doc>Tap element identified by ``locator``. </doc>
<status status="PASS" starttime="20220719 14:06:38.371" endtime="20220719 14:06:38.825"/>
</kw>
<status status="PASS" starttime="20220719 14:06:37.724" endtime="20220719 14:06:38.826"/>
</kw>
<kw name="Verify Page Search Flight Number" library="searchflight">
<kw name="Sleep" library="BuiltIn">
<arg>2s</arg>
<doc>Pauses the test executed for the given time.</doc>
<msg timestamp="20220719 14:06:40.838" level="INFO">Slept 2 seconds</msg>
<status status="PASS" starttime="20220719 14:06:38.830" endtime="20220719 14:06:40.838"/>
</kw>
<kw name="Page Should Contain Text" library="AppiumLibrary">
<arg>${textsearch2}</arg>
<doc>Verifies that current page contains `text`.</doc>
<msg timestamp="20220719 14:06:40.970" level="INFO">Current page contains text 'DA 935'.</msg>
<status status="PASS" starttime="20220719 14:06:40.838" endtime="20220719 14:06:40.970"/>
</kw>
<status status="PASS" starttime="20220719 14:06:38.828" endtime="20220719 14:06:40.970"/>
</kw>
<kw name="Close Application" library="AppiumLibrary" type="TEARDOWN">
<doc>Closes the current application and also close webdriver session.</doc>
<status status="PASS" starttime="20220719 14:06:40.972" endtime="20220719 14:06:42.613"/>
</kw>
<status status="PASS" starttime="20220719 14:06:06.442" endtime="20220719 14:06:42.615"/>
</test>
<doc>Search Flight on signin</doc>
<status status="PASS" starttime="20220719 14:06:06.346" endtime="20220719 14:06:42.621"/>
</suite>
<status status="PASS" starttime="20220719 14:04:12.283" endtime="20220719 14:06:42.634"/>
</suite>
<statistics>
<total>
<stat pass="4" fail="0" skip="0">All Tests</stat>
</total>
<tag>
</tag>
<suite>
<stat pass="4" fail="0" skip="0" id="s1" name="Suites">Suites</stat>
<stat pass="1" fail="0" skip="0" id="s1-s1" name="Bookflight">Suites.Bookflight</stat>
<stat pass="1" fail="0" skip="0" id="s1-s2" name="Homepage">Suites.Homepage</stat>
<stat pass="1" fail="0" skip="0" id="s1-s3" name="Login">Suites.Login</stat>
<stat pass="1" fail="0" skip="0" id="s1-s4" name="Searchflight">Suites.Searchflight</stat>
</suite>
</statistics>
<errors>
</errors>
</robot>
